{
  "stats": {
    "suites": 1,
    "tests": 1,
    "passes": 0,
    "pending": 0,
    "failures": 1,
    "start": "2020-12-17T22:02:58.023Z",
    "end": "2020-12-17T22:04:00.748Z",
    "duration": 62725,
    "testsRegistered": 1,
    "passPercent": 0,
    "pendingPercent": 0,
    "other": 0,
    "hasOther": false,
    "skipped": 0,
    "hasSkipped": false
  },
  "results": [
    {
      "uuid": "e346c4ad-590a-45b2-98df-f8fd7ac10096",
      "title": "",
      "fullFile": "cypress\\integration\\test.feature",
      "file": "cypress\\integration\\test.feature",
      "beforeHooks": [],
      "afterHooks": [],
      "tests": [],
      "suites": [
        {
          "uuid": "4063c8e8-ab57-4de8-a6f4-15af9e310472",
          "title": "Registrar na Demo Automating",
          "fullFile": "",
          "file": "",
          "beforeHooks": [],
          "afterHooks": [],
          "tests": [
            {
              "title": "Acessar, inserir informações e confimar registro",
              "fullTitle": "Registrar na Demo Automating Acessar, inserir informações e confimar registro",
              "timedOut": null,
              "duration": 54715,
              "state": "failed",
              "speed": null,
              "pass": false,
              "fail": true,
              "pending": false,
              "context": null,
              "code": "const state = window.testState;\nreturn cy\n  .then(() => state.onStartScenario(scenario, indexedSteps))\n  .then(() =>\n    resolveAndRunBeforeHooks.call(this, scenario.tags, state.feature.name)\n  )\n  .then(() =>\n    indexedSteps.forEach((step) =>\n      stepTest.call(this, state, step, rowData)\n    )\n  )\n  .then(() =>\n    resolveAndRunAfterHooks.call(this, scenario.tags, state.feature.name)\n  )\n  .then(() => state.onFinishScenario(scenario));",
              "err": {
                "message": "AssertionError: Timed out retrying: Expected to find element: `#msdd + div > ul > :nth-child(7)`, but never found it.",
                "estack": "AssertionError: Timed out retrying: Expected to find element: `#msdd + div > ul > :nth-child(7)`, but never found it.\n    at TestPage.SelectLanguages (http://demo.automationtesting.in/__cypress/tests?p=cypress\\integration\\test.feature:161:54)\n    at Context.eval (http://demo.automationtesting.in/__cypress/tests?p=cypress\\integration\\test.feature:224:159)\n    at Context.resolveAndRunStepDefinition (http://demo.automationtesting.in/__cypress/tests?p=cypress\\integration\\test.feature:11977:9)\n    at Context.eval (http://demo.automationtesting.in/__cypress/tests?p=cypress\\integration\\test.feature:11318:35)",
                "diff": null
              },
              "uuid": "55afd069-6abf-41bb-bd67-8e143a2adf22",
              "parentUUID": "4063c8e8-ab57-4de8-a6f4-15af9e310472",
              "isHook": false,
              "skipped": false
            }
          ],
          "suites": [],
          "passes": [],
          "failures": [
            "55afd069-6abf-41bb-bd67-8e143a2adf22"
          ],
          "pending": [],
          "skipped": [],
          "duration": 54715,
          "root": false,
          "rootEmpty": false,
          "_timeout": 2000
        }
      ],
      "passes": [],
      "failures": [],
      "pending": [],
      "skipped": [],
      "duration": 0,
      "root": true,
      "rootEmpty": true,
      "_timeout": 2000
    }
  ],
  "meta": {
    "mocha": {
      "version": "7.0.1"
    },
    "mochawesome": {
      "options": {
        "quiet": false,
        "reportFilename": "mochawesome",
        "saveHtml": true,
        "saveJson": true,
        "consoleReporter": "spec",
        "useInlineDiffs": false,
        "code": true
      },
      "version": "6.2.1"
    },
    "marge": {
      "options": {
        "overwrite": false
      },
      "version": "5.1.0"
    }
  }
}